2025-02-14 18:01::51 -- [INFO] Logging Configuration Loaded.
2025-02-14 18:01::51 -- [INFO] [INIT] Initialize Crazyflie drivers.
2025-02-14 18:01::51 -- [INFO] [INIT] Scanning interfaces for Crazyflies...
2025-02-14 18:01::52 -- [INFO] v0.53 dongle with serial N/A found
2025-02-14 18:01::53 -- [INFO] Looking for devices....
2025-02-14 18:01::53 -- [INFO] Initialized PRRT driver.
2025-02-14 18:01::53 -- [INFO] v0.53 dongle with serial N/A found
2025-02-14 18:01::54 -- [INFO] Looking for devices....
2025-02-14 18:01::54 -- [INFO] Initialized PRRT driver.
2025-02-14 18:01::54 -- [INFO] v0.53 dongle with serial N/A found
2025-02-14 18:01::55 -- [INFO] Looking for devices....
2025-02-14 18:01::55 -- [INFO] Initialized PRRT driver.
2025-02-14 18:01::55 -- [INFO] v0.53 dongle with serial N/A found
2025-02-14 18:01::56 -- [INFO] Looking for devices....
2025-02-14 18:01::56 -- [INFO] Initialized PRRT driver.
2025-02-14 18:01::56 -- [INFO] Crazyflies found: radio://0/80/2M/E7E7E7E703
2025-02-14 18:01::56 -- [INFO] v0.53 dongle with serial N/A found
2025-02-14 18:01::58 -- [INFO] Looking for devices....
2025-02-14 18:01::58 -- [INFO] Initialized PRRT driver.
2025-02-14 18:01::58 -- [INFO] One Crazyflie found: ['E7E7E7E703'].
2025-02-14 18:01::58 -- [INFO] Crazyflie Pilot Started with E7E7E7E703.
2025-02-14 18:02::01 -- [INFO] Crazyflie Pilot choose Flightpath: Snake.
2025-02-14 18:02::01 -- [INFO] Crazyflie takes measurements.
2025-02-14 18:02::01 -- [INFO] Callback->Connection initialized[radio://0/80/2M/E7E7E7E703]
2025-02-14 18:02::01 -- [INFO] We are connected[radio://0/80/2M/E7E7E7E703], request connection setup
2025-02-14 18:02::01 -- [INFO] Request _request_protocol_version()
2025-02-14 18:02::01 -- [INFO] Callback->Connected to [radio://0/80/2M/E7E7E7E703]
2025-02-14 18:02::01 -- [INFO] _crt_service_callback
2025-02-14 18:02::01 -- [INFO] Request protocol version
2025-02-14 18:02::01 -- [INFO] _platform_callback
2025-02-14 18:02::01 -- [INFO] Protocol version (platform): 4
2025-02-14 18:02::01 -- [INFO] TOC for port [5] found in cache
2025-02-14 18:02::01 -- [INFO] Log TOC finished updating
2025-02-14 18:02::01 -- [INFO] 10 memories found
2025-02-14 18:02::01 -- [INFO] Memories finished updating
2025-02-14 18:02::01 -- [INFO] TOC for port [2] found in cache
2025-02-14 18:02::01 -- [INFO] Param TOC finished updating
2025-02-14 18:02::01 -- [INFO] Callback->Connection setup finished [radio://0/80/2M/E7E7E7E703]
2025-02-14 18:02::02 -- [INFO] Deck Flow Value: 1
2025-02-14 18:02::02 -- [INFO] Flow Deck is attached!
2025-02-14 18:02::02 -- [INFO] All parameters updated
2025-02-14 18:02::02 -- [INFO] Callback->Connection completed [radio://0/80/2M/E7E7E7E703]
2025-02-14 18:02::06 -- [INFO] Have successfully started logging for id=1
2025-02-14 18:02::32 -- [INFO] Closing link
2025-02-14 18:02::32 -- [INFO] Callback->Disconnected from [radio://0/80/2M/E7E7E7E703]
